<?xml version="1.0" encoding="UTF-8"?>
<robot generator="Robot 6.1.1 (Python 3.10.0 on darwin)" generated="20231122 13:10:27.617" rpa="false" schemaversion="4">
<suite id="s1" name="Blogspot" source="/Users/sharonstephen/robo_practice/TestSuite/Functional/blogspot.robot">
<test id="s1-t1" name="Input Name" line="11">
<kw name="Start Case" library="blogKeywords">
<kw name="Open Browser" library="SeleniumLibrary">
<arg>${url}</arg>
<arg>chrome</arg>
<doc>Opens a new browser instance to the optional ``url``.</doc>
<msg timestamp="20231122 13:10:27.920" level="INFO">Opening browser 'chrome' to base url 'http://testautomationpractice.blogspot.com'.</msg>
<status status="PASS" starttime="20231122 13:10:27.919" endtime="20231122 13:10:34.351"/>
</kw>
<status status="PASS" starttime="20231122 13:10:27.919" endtime="20231122 13:10:34.352"/>
</kw>
<kw name="Set Selenium Speed" library="SeleniumLibrary">
<arg>2s</arg>
<doc>Sets the delay that is waited after each Selenium command.</doc>
<status status="PASS" starttime="20231122 13:10:34.355" endtime="20231122 13:10:34.356"/>
</kw>
<kw name="Input form" library="blogKeywords">
<arg>@{my_arg}</arg>
<kw name="Log" library="BuiltIn">
<arg>@{my_agrs}[0]</arg>
<doc>Logs the given message with the given level.</doc>
<msg timestamp="20231122 13:10:34.361" level="FAIL">Value of variable '@{my_agrs}[0]' is not list or list-like.</msg>
<status status="FAIL" starttime="20231122 13:10:34.357" endtime="20231122 13:10:34.361"/>
</kw>
<status status="FAIL" starttime="20231122 13:10:34.356" endtime="20231122 13:10:34.361"/>
</kw>
<kw name="Teardown Case" library="blogKeywords">
<status status="NOT RUN" starttime="20231122 13:10:34.362" endtime="20231122 13:10:34.362"/>
</kw>
<status status="FAIL" starttime="20231122 13:10:27.918" endtime="20231122 13:10:34.362">Value of variable '@{my_agrs}[0]' is not list or list-like.</status>
</test>
<status status="FAIL" starttime="20231122 13:10:27.618" endtime="20231122 13:10:34.367"/>
</suite>
<statistics>
<total>
<stat pass="0" fail="1" skip="0">All Tests</stat>
</total>
<tag>
</tag>
<suite>
<stat pass="0" fail="1" skip="0" id="s1" name="Blogspot">Blogspot</stat>
</suite>
</statistics>
<errors>
</errors>
</robot>
